<?xml version="1.0" encoding="UTF-8"?>
<testsuite name="MyMethodeTest" tests="1" skipped="0" failures="0" errors="0" timestamp="2021-12-06T22:11:14" hostname="DESKTOP-0R43Q8O" time="0.012">
  <properties/>
  <testcase name="testMyMatrix" classname="MyMethodeTest" time="0.012"/>
  <system-out><![CDATA[[[5, 10], [5, 10]]
]]></system-out>
  <system-err><![CDATA[]]></system-err>
</testsuite>
